2026-03-15 15:15:49 [INFO] Wrote 6 attachment URL(s) to data/attachment_urls.txt
2026-03-15 15:17:37 [INFO] Resume: 8 already fetched.
2026-03-15 15:17:37 [INFO] Step A: Fetching docket documents...
2026-03-15 15:17:38 [INFO]   Found 1 document(s).
2026-03-15 15:17:39 [INFO] Step B: Fetching comment list (paginated)...
2026-03-15 15:17:42 [INFO]   Total comments: 447.
2026-03-15 15:17:42 [INFO] Step C: Fetching full detail for each comment...
2026-03-15 15:17:42 [INFO]   [1/439] HHS-ONC-2026-0001-0010
2026-03-15 15:17:43 [INFO]   [2/439] HHS-ONC-2026-0001-0011
2026-03-15 15:17:44 [INFO]   [3/439] HHS-ONC-2026-0001-0012
2026-03-15 15:17:46 [INFO]   [4/439] HHS-ONC-2026-0001-0013
2026-03-15 15:17:47 [INFO]   [5/439] HHS-ONC-2026-0001-0014
2026-03-15 15:17:49 [INFO]   [6/439] HHS-ONC-2026-0001-0015
2026-03-15 15:17:50 [INFO]   [7/439] HHS-ONC-2026-0001-0016
2026-03-15 15:17:51 [INFO]   [8/439] HHS-ONC-2026-0001-0017
2026-03-15 15:17:53 [INFO]   [9/439] HHS-ONC-2026-0001-0018
2026-03-15 15:17:54 [INFO]   [10/439] HHS-ONC-2026-0001-0019
2026-03-15 15:17:55 [INFO]   [11/439] HHS-ONC-2026-0001-0020
2026-03-15 15:17:57 [INFO]   [12/439] HHS-ONC-2026-0001-0021
2026-03-15 15:17:58 [INFO]   [13/439] HHS-ONC-2026-0001-0022
2026-03-15 15:17:59 [INFO]   [14/439] HHS-ONC-2026-0001-0023
2026-03-15 15:18:01 [INFO]   [15/439] HHS-ONC-2026-0001-0024
2026-03-15 15:18:02 [INFO]   [16/439] HHS-ONC-2026-0001-0025
2026-03-15 15:18:03 [INFO]   [17/439] HHS-ONC-2026-0001-0026
2026-03-15 15:18:05 [INFO]   [18/439] HHS-ONC-2026-0001-0027
2026-03-15 15:18:06 [INFO]   [19/439] HHS-ONC-2026-0001-0028
2026-03-15 15:18:08 [INFO]   [20/439] HHS-ONC-2026-0001-0029
2026-03-15 15:18:09 [INFO]   [21/439] HHS-ONC-2026-0001-0030
2026-03-15 15:18:10 [INFO]   [22/439] HHS-ONC-2026-0001-0031
2026-03-15 15:18:12 [INFO]   [23/439] HHS-ONC-2026-0001-0032
2026-03-15 15:18:13 [INFO]   [24/439] HHS-ONC-2026-0001-0033
2026-03-15 15:18:14 [INFO]   [25/439] HHS-ONC-2026-0001-0034
2026-03-15 15:18:16 [INFO]   [26/439] HHS-ONC-2026-0001-0035
2026-03-15 15:18:17 [INFO]   [27/439] HHS-ONC-2026-0001-0036
2026-03-15 15:18:18 [INFO]   [28/439] HHS-ONC-2026-0001-0037
2026-03-15 15:18:20 [INFO]   [29/439] HHS-ONC-2026-0001-0038
2026-03-15 15:18:21 [INFO]   [30/439] HHS-ONC-2026-0001-0039
2026-03-15 15:18:23 [INFO]   [31/439] HHS-ONC-2026-0001-0040
2026-03-15 15:18:24 [INFO]   [32/439] HHS-ONC-2026-0001-0041
2026-03-15 15:18:25 [INFO]   [33/439] HHS-ONC-2026-0001-0042
2026-03-15 15:18:27 [INFO]   [34/439] HHS-ONC-2026-0001-0043
2026-03-15 15:18:28 [INFO]   [35/439] HHS-ONC-2026-0001-0044
2026-03-15 15:18:29 [INFO]   [36/439] HHS-ONC-2026-0001-0045
2026-03-15 15:18:31 [INFO]   [37/439] HHS-ONC-2026-0001-0046
2026-03-15 15:18:32 [INFO]   [38/439] HHS-ONC-2026-0001-0047
2026-03-15 15:18:33 [INFO]   [39/439] HHS-ONC-2026-0001-0048
2026-03-15 15:18:35 [INFO]   [40/439] HHS-ONC-2026-0001-0049
2026-03-15 15:18:36 [INFO]   [41/439] HHS-ONC-2026-0001-0050
2026-03-15 15:18:37 [INFO]   [42/439] HHS-ONC-2026-0001-0051
2026-03-15 15:18:39 [INFO]   [43/439] HHS-ONC-2026-0001-0052
2026-03-15 15:18:40 [INFO]   [44/439] HHS-ONC-2026-0001-0053
2026-03-15 15:18:41 [INFO]   [45/439] HHS-ONC-2026-0001-0054
2026-03-15 15:18:43 [INFO]   [46/439] HHS-ONC-2026-0001-0055
2026-03-15 15:18:44 [INFO]   [47/439] HHS-ONC-2026-0001-0056
2026-03-15 15:18:46 [INFO]   [48/439] HHS-ONC-2026-0001-0057
2026-03-15 15:18:47 [INFO]   [49/439] HHS-ONC-2026-0001-0058
2026-03-15 15:18:48 [INFO]   [50/439] HHS-ONC-2026-0001-0059
2026-03-15 15:18:50 [INFO]   [51/439] HHS-ONC-2026-0001-0060
2026-03-15 15:18:51 [INFO]   [52/439] HHS-ONC-2026-0001-0061
2026-03-15 15:18:52 [INFO]   [53/439] HHS-ONC-2026-0001-0062
2026-03-15 15:18:54 [INFO]   [54/439] HHS-ONC-2026-0001-0063
2026-03-15 15:18:55 [INFO]   [55/439] HHS-ONC-2026-0001-0064
2026-03-15 15:18:56 [INFO]   [56/439] HHS-ONC-2026-0001-0065
2026-03-15 15:18:58 [INFO]   [57/439] HHS-ONC-2026-0001-0066
2026-03-15 15:18:59 [INFO]   [58/439] HHS-ONC-2026-0001-0067
2026-03-15 15:19:00 [INFO]   [59/439] HHS-ONC-2026-0001-0068
2026-03-15 15:19:02 [INFO]   [60/439] HHS-ONC-2026-0001-0069
2026-03-15 15:19:03 [INFO]   [61/439] HHS-ONC-2026-0001-0070
2026-03-15 15:19:04 [INFO]   [62/439] HHS-ONC-2026-0001-0071
2026-03-15 15:19:06 [INFO]   [63/439] HHS-ONC-2026-0001-0072
2026-03-15 15:19:07 [INFO]   [64/439] HHS-ONC-2026-0001-0073
2026-03-15 15:19:09 [INFO]   [65/439] HHS-ONC-2026-0001-0074
2026-03-15 15:19:10 [INFO]   [66/439] HHS-ONC-2026-0001-0075
2026-03-15 15:19:11 [INFO]   [67/439] HHS-ONC-2026-0001-0076
2026-03-15 15:19:13 [INFO]   [68/439] HHS-ONC-2026-0001-0077
2026-03-15 15:19:14 [INFO]   [69/439] HHS-ONC-2026-0001-0078
2026-03-15 15:19:15 [INFO]   [70/439] HHS-ONC-2026-0001-0079
2026-03-15 15:19:17 [INFO]   [71/439] HHS-ONC-2026-0001-0080
2026-03-15 15:19:18 [INFO]   [72/439] HHS-ONC-2026-0001-0081
2026-03-15 15:19:19 [INFO]   [73/439] HHS-ONC-2026-0001-0082
2026-03-15 15:19:21 [INFO]   [74/439] HHS-ONC-2026-0001-0083
2026-03-15 15:19:22 [INFO]   [75/439] HHS-ONC-2026-0001-0084
2026-03-15 15:19:23 [INFO]   [76/439] HHS-ONC-2026-0001-0085
2026-03-15 15:19:25 [INFO]   [77/439] HHS-ONC-2026-0001-0086
2026-03-15 15:19:26 [INFO]   [78/439] HHS-ONC-2026-0001-0087
2026-03-15 15:19:27 [INFO]   [79/439] HHS-ONC-2026-0001-0088
2026-03-15 15:19:29 [INFO]   [80/439] HHS-ONC-2026-0001-0089
2026-03-15 15:19:30 [INFO]   [81/439] HHS-ONC-2026-0001-0090
2026-03-15 15:19:32 [INFO]   [82/439] HHS-ONC-2026-0001-0091
2026-03-15 15:19:33 [INFO]   [83/439] HHS-ONC-2026-0001-0092
2026-03-15 15:19:34 [INFO]   [84/439] HHS-ONC-2026-0001-0093
2026-03-15 15:19:36 [INFO]   [85/439] HHS-ONC-2026-0001-0094
2026-03-15 15:19:37 [INFO]   [86/439] HHS-ONC-2026-0001-0095
2026-03-15 15:19:38 [INFO]   [87/439] HHS-ONC-2026-0001-0096
2026-03-15 15:19:40 [INFO]   [88/439] HHS-ONC-2026-0001-0097
2026-03-15 15:19:41 [INFO]   [89/439] HHS-ONC-2026-0001-0098
2026-03-15 15:19:42 [INFO]   [90/439] HHS-ONC-2026-0001-0099
2026-03-15 15:19:44 [INFO]   [91/439] HHS-ONC-2026-0001-0100
2026-03-15 15:19:45 [INFO]   [92/439] HHS-ONC-2026-0001-0101
2026-03-15 15:19:47 [INFO]   [93/439] HHS-ONC-2026-0001-0102
2026-03-15 15:19:48 [INFO]   [94/439] HHS-ONC-2026-0001-0103
2026-03-15 15:19:49 [INFO]   [95/439] HHS-ONC-2026-0001-0104
2026-03-15 15:19:51 [INFO]   [96/439] HHS-ONC-2026-0001-0105
2026-03-15 15:19:52 [INFO]   [97/439] HHS-ONC-2026-0001-0106
2026-03-15 15:19:53 [INFO]   [98/439] HHS-ONC-2026-0001-0107
2026-03-15 15:19:55 [INFO]   [99/439] HHS-ONC-2026-0001-0108
2026-03-15 15:19:56 [INFO]   [100/439] HHS-ONC-2026-0001-0109
2026-03-15 15:19:57 [INFO]   [101/439] HHS-ONC-2026-0001-0110
2026-03-15 15:19:59 [INFO]   [102/439] HHS-ONC-2026-0001-0111
2026-03-15 15:20:00 [INFO]   [103/439] HHS-ONC-2026-0001-0112
2026-03-15 15:20:01 [INFO]   [104/439] HHS-ONC-2026-0001-0113
2026-03-15 15:20:03 [INFO]   [105/439] HHS-ONC-2026-0001-0114
2026-03-15 15:20:04 [INFO]   [106/439] HHS-ONC-2026-0001-0115
2026-03-15 15:20:05 [INFO]   [107/439] HHS-ONC-2026-0001-0116
2026-03-15 15:20:07 [INFO]   [108/439] HHS-ONC-2026-0001-0117
2026-03-15 15:20:08 [INFO]   [109/439] HHS-ONC-2026-0001-0118
2026-03-15 15:20:10 [INFO]   [110/439] HHS-ONC-2026-0001-0119
2026-03-15 15:20:11 [INFO]   [111/439] HHS-ONC-2026-0001-0120
2026-03-15 15:20:12 [INFO]   [112/439] HHS-ONC-2026-0001-0121
2026-03-15 15:20:14 [INFO]   [113/439] HHS-ONC-2026-0001-0122
2026-03-15 15:20:15 [INFO]   [114/439] HHS-ONC-2026-0001-0123
2026-03-15 15:20:16 [INFO]   [115/439] HHS-ONC-2026-0001-0124
2026-03-15 15:20:18 [INFO]   [116/439] HHS-ONC-2026-0001-0125
2026-03-15 15:20:19 [INFO]   [117/439] HHS-ONC-2026-0001-0126
2026-03-15 15:20:20 [INFO]   [118/439] HHS-ONC-2026-0001-0127
2026-03-15 15:20:22 [INFO]   [119/439] HHS-ONC-2026-0001-0128
2026-03-15 15:20:23 [INFO]   [120/439] HHS-ONC-2026-0001-0129
2026-03-15 15:20:24 [INFO]   [121/439] HHS-ONC-2026-0001-0130
2026-03-15 15:20:26 [INFO]   [122/439] HHS-ONC-2026-0001-0131
2026-03-15 15:20:27 [INFO]   [123/439] HHS-ONC-2026-0001-0132
2026-03-15 15:20:28 [INFO]   [124/439] HHS-ONC-2026-0001-0133
2026-03-15 15:20:30 [INFO]   [125/439] HHS-ONC-2026-0001-0134
2026-03-15 15:20:31 [INFO]   [126/439] HHS-ONC-2026-0001-0135
2026-03-15 15:20:33 [INFO]   [127/439] HHS-ONC-2026-0001-0136
2026-03-15 15:20:34 [INFO]   [128/439] HHS-ONC-2026-0001-0137
2026-03-15 15:20:35 [INFO]   [129/439] HHS-ONC-2026-0001-0138
2026-03-15 15:20:37 [INFO]   [130/439] HHS-ONC-2026-0001-0139
2026-03-15 15:20:38 [INFO]   [131/439] HHS-ONC-2026-0001-0140
2026-03-15 15:20:39 [INFO]   [132/439] HHS-ONC-2026-0001-0141
2026-03-15 15:20:41 [INFO]   [133/439] HHS-ONC-2026-0001-0142
2026-03-15 15:20:42 [INFO]   [134/439] HHS-ONC-2026-0001-0143
2026-03-15 15:20:43 [INFO]   [135/439] HHS-ONC-2026-0001-0144
2026-03-15 15:20:45 [INFO]   [136/439] HHS-ONC-2026-0001-0145
2026-03-15 15:20:46 [INFO]   [137/439] HHS-ONC-2026-0001-0146
2026-03-15 15:20:47 [INFO]   [138/439] HHS-ONC-2026-0001-0147
2026-03-15 15:20:49 [INFO]   [139/439] HHS-ONC-2026-0001-0148
2026-03-15 15:20:50 [INFO]   [140/439] HHS-ONC-2026-0001-0149
2026-03-15 15:20:52 [INFO]   [141/439] HHS-ONC-2026-0001-0150
2026-03-15 15:20:53 [INFO]   [142/439] HHS-ONC-2026-0001-0151
2026-03-15 15:20:54 [INFO]   [143/439] HHS-ONC-2026-0001-0152
2026-03-15 15:20:56 [INFO]   [144/439] HHS-ONC-2026-0001-0153
2026-03-15 15:20:57 [INFO]   [145/439] HHS-ONC-2026-0001-0154
2026-03-15 15:20:58 [INFO]   [146/439] HHS-ONC-2026-0001-0155
2026-03-15 15:21:00 [INFO]   [147/439] HHS-ONC-2026-0001-0156
2026-03-15 15:21:01 [INFO]   [148/439] HHS-ONC-2026-0001-0157
2026-03-15 15:21:02 [INFO]   [149/439] HHS-ONC-2026-0001-0158
2026-03-15 15:21:04 [INFO]   [150/439] HHS-ONC-2026-0001-0159
2026-03-15 15:21:05 [INFO]   [151/439] HHS-ONC-2026-0001-0160
2026-03-15 15:21:06 [INFO]   [152/439] HHS-ONC-2026-0001-0161
2026-03-15 15:21:08 [INFO]   [153/439] HHS-ONC-2026-0001-0162
2026-03-15 15:21:09 [INFO]   [154/439] HHS-ONC-2026-0001-0163
2026-03-15 15:21:11 [INFO]   [155/439] HHS-ONC-2026-0001-0164
2026-03-15 15:21:12 [INFO]   [156/439] HHS-ONC-2026-0001-0165
2026-03-15 15:21:13 [INFO]   [157/439] HHS-ONC-2026-0001-0166
2026-03-15 15:21:15 [INFO]   [158/439] HHS-ONC-2026-0001-0167
2026-03-15 15:21:16 [INFO]   [159/439] HHS-ONC-2026-0001-0168
2026-03-15 15:21:17 [INFO]   [160/439] HHS-ONC-2026-0001-0169
2026-03-15 15:21:19 [INFO]   [161/439] HHS-ONC-2026-0001-0170
2026-03-15 15:21:20 [INFO]   [162/439] HHS-ONC-2026-0001-0171
2026-03-15 15:21:21 [INFO]   [163/439] HHS-ONC-2026-0001-0172
2026-03-15 15:21:23 [INFO]   [164/439] HHS-ONC-2026-0001-0173
2026-03-15 15:21:24 [INFO]   [165/439] HHS-ONC-2026-0001-0174
2026-03-15 15:21:26 [INFO]   [166/439] HHS-ONC-2026-0001-0175
2026-03-15 15:21:27 [INFO]   [167/439] HHS-ONC-2026-0001-0176
2026-03-15 15:21:28 [INFO]   [168/439] HHS-ONC-2026-0001-0177
2026-03-15 15:21:30 [INFO]   [169/439] HHS-ONC-2026-0001-0178
2026-03-15 15:21:31 [INFO]   [170/439] HHS-ONC-2026-0001-0179
2026-03-15 15:21:33 [INFO]   [171/439] HHS-ONC-2026-0001-0180
2026-03-15 15:21:34 [INFO]   [172/439] HHS-ONC-2026-0001-0181
2026-03-15 15:21:36 [INFO]   [173/439] HHS-ONC-2026-0001-0182
2026-03-15 15:21:37 [INFO]   [174/439] HHS-ONC-2026-0001-0183
2026-03-15 15:21:38 [INFO]   [175/439] HHS-ONC-2026-0001-0184
2026-03-15 15:21:40 [INFO]   [176/439] HHS-ONC-2026-0001-0185
2026-03-15 15:21:41 [INFO]   [177/439] HHS-ONC-2026-0001-0186
2026-03-15 15:21:42 [INFO]   [178/439] HHS-ONC-2026-0001-0187
2026-03-15 15:21:44 [INFO]   [179/439] HHS-ONC-2026-0001-0188
2026-03-15 15:21:45 [INFO]   [180/439] HHS-ONC-2026-0001-0189
2026-03-15 15:21:47 [INFO]   [181/439] HHS-ONC-2026-0001-0190
2026-03-15 15:21:48 [INFO]   [182/439] HHS-ONC-2026-0001-0191
2026-03-15 15:21:49 [INFO]   [183/439] HHS-ONC-2026-0001-0192
2026-03-15 15:21:51 [INFO]   [184/439] HHS-ONC-2026-0001-0193
2026-03-15 15:21:52 [INFO]   [185/439] HHS-ONC-2026-0001-0194
2026-03-15 15:21:54 [INFO]   [186/439] HHS-ONC-2026-0001-0195
2026-03-15 15:21:55 [INFO]   [187/439] HHS-ONC-2026-0001-0196
2026-03-15 15:21:57 [INFO]   [188/439] HHS-ONC-2026-0001-0197
2026-03-15 15:21:58 [INFO]   [189/439] HHS-ONC-2026-0001-0198
2026-03-15 15:21:59 [INFO]   [190/439] HHS-ONC-2026-0001-0199
2026-03-15 15:22:01 [INFO]   [191/439] HHS-ONC-2026-0001-0200
2026-03-15 15:22:02 [INFO]   [192/439] HHS-ONC-2026-0001-0201
2026-03-15 15:22:03 [INFO]   [193/439] HHS-ONC-2026-0001-0202
2026-03-15 15:22:05 [INFO]   [194/439] HHS-ONC-2026-0001-0203
2026-03-15 15:22:06 [INFO]   [195/439] HHS-ONC-2026-0001-0204
2026-03-15 15:22:08 [INFO]   [196/439] HHS-ONC-2026-0001-0205
2026-03-15 15:22:09 [INFO]   [197/439] HHS-ONC-2026-0001-0206
2026-03-15 15:22:10 [INFO]   [198/439] HHS-ONC-2026-0001-0207
2026-03-15 15:22:12 [INFO]   [199/439] HHS-ONC-2026-0001-0208
2026-03-15 15:22:13 [INFO]   [200/439] HHS-ONC-2026-0001-0209
2026-03-15 15:22:14 [INFO]   [201/439] HHS-ONC-2026-0001-0210
2026-03-15 15:22:16 [INFO]   [202/439] HHS-ONC-2026-0001-0211
2026-03-15 15:22:17 [INFO]   [203/439] HHS-ONC-2026-0001-0212
2026-03-15 15:22:18 [INFO]   [204/439] HHS-ONC-2026-0001-0213
2026-03-15 15:22:20 [INFO]   [205/439] HHS-ONC-2026-0001-0214
2026-03-15 15:22:21 [INFO]   [206/439] HHS-ONC-2026-0001-0215
2026-03-15 15:22:22 [INFO]   [207/439] HHS-ONC-2026-0001-0216
2026-03-15 15:22:24 [INFO]   [208/439] HHS-ONC-2026-0001-0217
2026-03-15 15:22:25 [INFO]   [209/439] HHS-ONC-2026-0001-0218
2026-03-15 15:22:27 [INFO]   [210/439] HHS-ONC-2026-0001-0219
2026-03-15 15:22:28 [INFO]   [211/439] HHS-ONC-2026-0001-0220
2026-03-15 15:22:29 [INFO]   [212/439] HHS-ONC-2026-0001-0221
2026-03-15 15:22:31 [INFO]   [213/439] HHS-ONC-2026-0001-0222
2026-03-15 15:22:32 [INFO]   [214/439] HHS-ONC-2026-0001-0223
2026-03-15 15:22:33 [INFO]   [215/439] HHS-ONC-2026-0001-0224
2026-03-15 15:22:35 [INFO]   [216/439] HHS-ONC-2026-0001-0225
2026-03-15 15:22:37 [INFO]   [217/439] HHS-ONC-2026-0001-0226
2026-03-15 15:22:39 [INFO]   [218/439] HHS-ONC-2026-0001-0227
2026-03-15 15:22:40 [INFO]   [219/439] HHS-ONC-2026-0001-0228
2026-03-15 15:22:41 [INFO]   [220/439] HHS-ONC-2026-0001-0229
2026-03-15 15:22:43 [INFO]   [221/439] HHS-ONC-2026-0001-0230
2026-03-15 15:22:44 [INFO]   [222/439] HHS-ONC-2026-0001-0231
2026-03-15 15:22:45 [INFO]   [223/439] HHS-ONC-2026-0001-0232
2026-03-15 15:22:47 [INFO]   [224/439] HHS-ONC-2026-0001-0233
2026-03-15 15:22:48 [INFO]   [225/439] HHS-ONC-2026-0001-0234
2026-03-15 15:22:50 [INFO]   [226/439] HHS-ONC-2026-0001-0235
2026-03-15 15:22:51 [INFO]   [227/439] HHS-ONC-2026-0001-0236
2026-03-15 15:22:52 [INFO]   [228/439] HHS-ONC-2026-0001-0237
2026-03-15 15:22:54 [INFO]   [229/439] HHS-ONC-2026-0001-0238
2026-03-15 15:22:55 [INFO]   [230/439] HHS-ONC-2026-0001-0239
2026-03-15 15:22:57 [INFO]   [231/439] HHS-ONC-2026-0001-0240
2026-03-15 15:22:58 [INFO]   [232/439] HHS-ONC-2026-0001-0241
2026-03-15 15:22:59 [INFO]   [233/439] HHS-ONC-2026-0001-0242
2026-03-15 15:23:01 [INFO]   [234/439] HHS-ONC-2026-0001-0243
2026-03-15 15:23:02 [INFO]   [235/439] HHS-ONC-2026-0001-0244
2026-03-15 15:23:04 [INFO]   [236/439] HHS-ONC-2026-0001-0245
2026-03-15 15:23:05 [INFO]   [237/439] HHS-ONC-2026-0001-0246
2026-03-15 15:23:06 [INFO]   [238/439] HHS-ONC-2026-0001-0247
2026-03-15 15:23:08 [INFO]   [239/439] HHS-ONC-2026-0001-0248
2026-03-15 15:23:09 [INFO]   [240/439] HHS-ONC-2026-0001-0249
2026-03-15 15:23:11 [INFO]   [241/439] HHS-ONC-2026-0001-0250
2026-03-15 15:23:12 [INFO]   [242/439] HHS-ONC-2026-0001-0251
2026-03-15 15:23:13 [INFO]   [243/439] HHS-ONC-2026-0001-0252
2026-03-15 15:23:15 [INFO]   [244/439] HHS-ONC-2026-0001-0253
2026-03-15 15:23:16 [INFO]   [245/439] HHS-ONC-2026-0001-0254
2026-03-15 15:23:18 [INFO]   [246/439] HHS-ONC-2026-0001-0255
2026-03-15 15:23:19 [INFO]   [247/439] HHS-ONC-2026-0001-0256
2026-03-15 15:23:20 [INFO]   [248/439] HHS-ONC-2026-0001-0257
2026-03-15 15:23:22 [INFO]   [249/439] HHS-ONC-2026-0001-0258
2026-03-15 15:23:23 [INFO]   [250/439] HHS-ONC-2026-0001-0259
2026-03-15 15:23:25 [INFO]   [251/439] HHS-ONC-2026-0001-0260
2026-03-15 15:23:26 [INFO]   [252/439] HHS-ONC-2026-0001-0261
2026-03-15 15:23:27 [INFO]   [253/439] HHS-ONC-2026-0001-0262
2026-03-15 15:23:29 [INFO]   [254/439] HHS-ONC-2026-0001-0263
2026-03-15 15:23:30 [INFO]   [255/439] HHS-ONC-2026-0001-0264
2026-03-15 15:23:32 [INFO]   [256/439] HHS-ONC-2026-0001-0265
2026-03-15 15:23:33 [INFO]   [257/439] HHS-ONC-2026-0001-0266
2026-03-15 15:23:34 [INFO]   [258/439] HHS-ONC-2026-0001-0267
2026-03-15 15:23:36 [INFO]   [259/439] HHS-ONC-2026-0001-0268
2026-03-15 15:23:37 [INFO]   [260/439] HHS-ONC-2026-0001-0269
2026-03-15 15:23:39 [INFO]   [261/439] HHS-ONC-2026-0001-0270
2026-03-15 15:23:40 [INFO]   [262/439] HHS-ONC-2026-0001-0271
2026-03-15 15:23:41 [INFO]   [263/439] HHS-ONC-2026-0001-0272
2026-03-15 15:23:43 [INFO]   [264/439] HHS-ONC-2026-0001-0273
2026-03-15 15:23:44 [INFO]   [265/439] HHS-ONC-2026-0001-0274
2026-03-15 15:23:45 [INFO]   [266/439] HHS-ONC-2026-0001-0275
2026-03-15 15:23:47 [INFO]   [267/439] HHS-ONC-2026-0001-0276
2026-03-15 15:23:48 [INFO]   [268/439] HHS-ONC-2026-0001-0277
2026-03-15 15:23:49 [INFO]   [269/439] HHS-ONC-2026-0001-0278
2026-03-15 15:23:51 [INFO]   [270/439] HHS-ONC-2026-0001-0279
2026-03-15 15:23:52 [INFO]   [271/439] HHS-ONC-2026-0001-0280
2026-03-15 15:23:54 [INFO]   [272/439] HHS-ONC-2026-0001-0281
2026-03-15 15:23:55 [INFO]   [273/439] HHS-ONC-2026-0001-0282
2026-03-15 15:23:56 [INFO]   [274/439] HHS-ONC-2026-0001-0283
2026-03-15 15:23:58 [INFO]   [275/439] HHS-ONC-2026-0001-0284
2026-03-15 15:23:59 [INFO]   [276/439] HHS-ONC-2026-0001-0285
2026-03-15 15:24:00 [INFO]   [277/439] HHS-ONC-2026-0001-0286
2026-03-15 15:24:02 [INFO]   [278/439] HHS-ONC-2026-0001-0287
2026-03-15 15:24:03 [INFO]   [279/439] HHS-ONC-2026-0001-0288
2026-03-15 15:24:04 [INFO]   [280/439] HHS-ONC-2026-0001-0289
2026-03-15 15:24:06 [INFO]   [281/439] HHS-ONC-2026-0001-0290
2026-03-15 15:24:07 [INFO]   [282/439] HHS-ONC-2026-0001-0291
2026-03-15 15:24:09 [INFO]   [283/439] HHS-ONC-2026-0001-0292
2026-03-15 15:24:10 [INFO]   [284/439] HHS-ONC-2026-0001-0293
2026-03-15 15:24:11 [INFO]   [285/439] HHS-ONC-2026-0001-0294
2026-03-15 15:24:13 [INFO]   [286/439] HHS-ONC-2026-0001-0295
2026-03-15 15:24:14 [INFO]   [287/439] HHS-ONC-2026-0001-0296
2026-03-15 15:24:15 [INFO]   [288/439] HHS-ONC-2026-0001-0297
2026-03-15 15:24:17 [INFO]   [289/439] HHS-ONC-2026-0001-0298
2026-03-15 15:24:18 [INFO]   [290/439] HHS-ONC-2026-0001-0299
2026-03-15 15:24:19 [INFO]   [291/439] HHS-ONC-2026-0001-0300
2026-03-15 15:24:21 [INFO]   [292/439] HHS-ONC-2026-0001-0301
2026-03-15 15:24:22 [INFO]   [293/439] HHS-ONC-2026-0001-0302
2026-03-15 15:24:23 [INFO]   [294/439] HHS-ONC-2026-0001-0303
2026-03-15 15:24:25 [INFO]   [295/439] HHS-ONC-2026-0001-0304
2026-03-15 15:24:26 [INFO]   [296/439] HHS-ONC-2026-0001-0305
2026-03-15 15:24:28 [INFO]   [297/439] HHS-ONC-2026-0001-0306
2026-03-15 15:24:29 [INFO]   [298/439] HHS-ONC-2026-0001-0307
2026-03-15 15:24:30 [INFO]   [299/439] HHS-ONC-2026-0001-0308
2026-03-15 15:24:32 [INFO]   [300/439] HHS-ONC-2026-0001-0309
2026-03-15 15:24:33 [INFO]   [301/439] HHS-ONC-2026-0001-0310
2026-03-15 15:24:34 [INFO]   [302/439] HHS-ONC-2026-0001-0311
2026-03-15 15:24:36 [INFO]   [303/439] HHS-ONC-2026-0001-0312
2026-03-15 15:24:37 [INFO]   [304/439] HHS-ONC-2026-0001-0313
2026-03-15 15:24:38 [INFO]   [305/439] HHS-ONC-2026-0001-0314
2026-03-15 15:24:40 [INFO]   [306/439] HHS-ONC-2026-0001-0315
2026-03-15 15:24:41 [INFO]   [307/439] HHS-ONC-2026-0001-0316
2026-03-15 15:24:42 [INFO]   [308/439] HHS-ONC-2026-0001-0317
2026-03-15 15:24:44 [INFO]   [309/439] HHS-ONC-2026-0001-0318
2026-03-15 15:24:45 [INFO]   [310/439] HHS-ONC-2026-0001-0319
2026-03-15 15:24:47 [INFO]   [311/439] HHS-ONC-2026-0001-0320
2026-03-15 15:24:48 [INFO]   [312/439] HHS-ONC-2026-0001-0321
2026-03-15 15:24:49 [INFO]   [313/439] HHS-ONC-2026-0001-0322
2026-03-15 15:24:51 [INFO]   [314/439] HHS-ONC-2026-0001-0323
2026-03-15 15:24:52 [INFO]   [315/439] HHS-ONC-2026-0001-0324
2026-03-15 15:24:53 [INFO]   [316/439] HHS-ONC-2026-0001-0325
2026-03-15 15:24:55 [INFO]   [317/439] HHS-ONC-2026-0001-0326
2026-03-15 15:24:56 [INFO]   [318/439] HHS-ONC-2026-0001-0327
2026-03-15 15:24:58 [INFO]   [319/439] HHS-ONC-2026-0001-0328
2026-03-15 15:24:59 [INFO]   [320/439] HHS-ONC-2026-0001-0329
2026-03-15 15:25:00 [INFO]   [321/439] HHS-ONC-2026-0001-0330
2026-03-15 15:25:02 [INFO]   [322/439] HHS-ONC-2026-0001-0331
2026-03-15 15:25:03 [INFO]   [323/439] HHS-ONC-2026-0001-0332
2026-03-15 15:25:04 [INFO]   [324/439] HHS-ONC-2026-0001-0333
2026-03-15 15:25:06 [INFO]   [325/439] HHS-ONC-2026-0001-0334
2026-03-15 15:25:07 [INFO]   [326/439] HHS-ONC-2026-0001-0335
2026-03-15 15:25:08 [INFO]   [327/439] HHS-ONC-2026-0001-0336
2026-03-15 15:25:10 [INFO]   [328/439] HHS-ONC-2026-0001-0337
2026-03-15 15:25:11 [INFO]   [329/439] HHS-ONC-2026-0001-0338
2026-03-15 15:25:12 [INFO]   [330/439] HHS-ONC-2026-0001-0339
2026-03-15 15:25:14 [INFO]   [331/439] HHS-ONC-2026-0001-0340
2026-03-15 15:25:15 [INFO]   [332/439] HHS-ONC-2026-0001-0341
2026-03-15 15:25:17 [INFO]   [333/439] HHS-ONC-2026-0001-0342
2026-03-15 15:25:18 [INFO]   [334/439] HHS-ONC-2026-0001-0343
2026-03-15 15:25:19 [INFO]   [335/439] HHS-ONC-2026-0001-0344
2026-03-15 15:25:21 [INFO]   [336/439] HHS-ONC-2026-0001-0345
2026-03-15 15:25:22 [INFO]   [337/439] HHS-ONC-2026-0001-0346
2026-03-15 15:25:23 [INFO]   [338/439] HHS-ONC-2026-0001-0347
2026-03-15 15:25:25 [INFO]   [339/439] HHS-ONC-2026-0001-0348
2026-03-15 15:25:26 [INFO]   [340/439] HHS-ONC-2026-0001-0349
2026-03-15 15:25:27 [INFO]   [341/439] HHS-ONC-2026-0001-0350
2026-03-15 15:25:29 [INFO]   [342/439] HHS-ONC-2026-0001-0351
2026-03-15 15:25:30 [INFO]   [343/439] HHS-ONC-2026-0001-0352
2026-03-15 15:25:32 [INFO]   [344/439] HHS-ONC-2026-0001-0353
2026-03-15 15:25:33 [INFO]   [345/439] HHS-ONC-2026-0001-0354
2026-03-15 15:25:34 [INFO]   [346/439] HHS-ONC-2026-0001-0355
2026-03-15 15:25:36 [INFO]   [347/439] HHS-ONC-2026-0001-0356
2026-03-15 15:25:37 [INFO]   [348/439] HHS-ONC-2026-0001-0357
2026-03-15 15:25:38 [INFO]   [349/439] HHS-ONC-2026-0001-0358
2026-03-15 15:25:40 [INFO]   [350/439] HHS-ONC-2026-0001-0359
2026-03-15 15:25:41 [INFO]   [351/439] HHS-ONC-2026-0001-0360
2026-03-15 15:25:42 [INFO]   [352/439] HHS-ONC-2026-0001-0361
2026-03-15 15:25:44 [INFO]   [353/439] HHS-ONC-2026-0001-0362
2026-03-15 15:25:45 [INFO]   [354/439] HHS-ONC-2026-0001-0363
2026-03-15 15:25:47 [INFO]   [355/439] HHS-ONC-2026-0001-0364
2026-03-15 15:25:48 [INFO]   [356/439] HHS-ONC-2026-0001-0365
2026-03-15 15:25:49 [INFO]   [357/439] HHS-ONC-2026-0001-0366
2026-03-15 15:25:51 [INFO]   [358/439] HHS-ONC-2026-0001-0367
2026-03-15 15:25:52 [INFO]   [359/439] HHS-ONC-2026-0001-0368
2026-03-15 15:25:53 [INFO]   [360/439] HHS-ONC-2026-0001-0369
2026-03-15 15:25:55 [INFO]   [361/439] HHS-ONC-2026-0001-0370
2026-03-15 15:25:56 [INFO]   [362/439] HHS-ONC-2026-0001-0371
2026-03-15 15:25:57 [INFO]   [363/439] HHS-ONC-2026-0001-0372
2026-03-15 15:25:59 [INFO]   [364/439] HHS-ONC-2026-0001-0373
2026-03-15 15:26:00 [INFO]   [365/439] HHS-ONC-2026-0001-0374
2026-03-15 15:26:02 [INFO]   [366/439] HHS-ONC-2026-0001-0375
2026-03-15 15:26:03 [INFO]   [367/439] HHS-ONC-2026-0001-0376
2026-03-15 15:26:04 [INFO]   [368/439] HHS-ONC-2026-0001-0377
2026-03-15 15:26:06 [INFO]   [369/439] HHS-ONC-2026-0001-0378
2026-03-15 15:26:07 [INFO]   [370/439] HHS-ONC-2026-0001-0379
2026-03-15 15:26:08 [INFO]   [371/439] HHS-ONC-2026-0001-0380
2026-03-15 15:26:10 [INFO]   [372/439] HHS-ONC-2026-0001-0381
2026-03-15 15:26:11 [INFO]   [373/439] HHS-ONC-2026-0001-0382
2026-03-15 15:26:12 [INFO]   [374/439] HHS-ONC-2026-0001-0383
2026-03-15 15:26:14 [INFO]   [375/439] HHS-ONC-2026-0001-0384
2026-03-15 15:26:15 [INFO]   [376/439] HHS-ONC-2026-0001-0385
2026-03-15 15:26:17 [INFO]   [377/439] HHS-ONC-2026-0001-0386
2026-03-15 15:26:18 [INFO]   [378/439] HHS-ONC-2026-0001-0387
2026-03-15 15:26:19 [INFO]   [379/439] HHS-ONC-2026-0001-0388
2026-03-15 15:26:21 [INFO]   [380/439] HHS-ONC-2026-0001-0389
2026-03-15 15:26:22 [INFO]   [381/439] HHS-ONC-2026-0001-0390
2026-03-15 15:26:23 [INFO]   [382/439] HHS-ONC-2026-0001-0391
2026-03-15 15:26:25 [INFO]   [383/439] HHS-ONC-2026-0001-0392
2026-03-15 15:26:26 [INFO]   [384/439] HHS-ONC-2026-0001-0393
2026-03-15 15:26:28 [INFO]   [385/439] HHS-ONC-2026-0001-0394
2026-03-15 15:26:29 [INFO]   [386/439] HHS-ONC-2026-0001-0395
2026-03-15 15:26:30 [INFO]   [387/439] HHS-ONC-2026-0001-0396
2026-03-15 15:26:32 [INFO]   [388/439] HHS-ONC-2026-0001-0397
2026-03-15 15:26:33 [INFO]   [389/439] HHS-ONC-2026-0001-0398
2026-03-15 15:26:35 [INFO]   [390/439] HHS-ONC-2026-0001-0399
2026-03-15 15:26:36 [INFO]   [391/439] HHS-ONC-2026-0001-0400
2026-03-15 15:26:37 [INFO]   [392/439] HHS-ONC-2026-0001-0401
2026-03-15 15:26:39 [INFO]   [393/439] HHS-ONC-2026-0001-0402
2026-03-15 15:26:40 [INFO]   [394/439] HHS-ONC-2026-0001-0403
2026-03-15 15:26:42 [INFO]   [395/439] HHS-ONC-2026-0001-0404
2026-03-15 15:26:43 [INFO]   [396/439] HHS-ONC-2026-0001-0405
2026-03-15 15:26:44 [INFO]   [397/439] HHS-ONC-2026-0001-0406
2026-03-15 15:26:46 [INFO]   [398/439] HHS-ONC-2026-0001-0407
2026-03-15 15:26:47 [INFO]   [399/439] HHS-ONC-2026-0001-0408
2026-03-15 15:26:49 [INFO]   [400/439] HHS-ONC-2026-0001-0409
2026-03-15 15:26:50 [INFO]   [401/439] HHS-ONC-2026-0001-0410
2026-03-15 15:26:51 [INFO]   [402/439] HHS-ONC-2026-0001-0411
2026-03-15 15:26:53 [INFO]   [403/439] HHS-ONC-2026-0001-0412
2026-03-15 15:26:54 [INFO]   [404/439] HHS-ONC-2026-0001-0413
2026-03-15 15:26:56 [INFO]   [405/439] HHS-ONC-2026-0001-0414
2026-03-15 15:26:57 [INFO]   [406/439] HHS-ONC-2026-0001-0415
2026-03-15 15:26:58 [INFO]   [407/439] HHS-ONC-2026-0001-0416
2026-03-15 15:27:00 [INFO]   [408/439] HHS-ONC-2026-0001-0417
2026-03-15 15:27:01 [INFO]   [409/439] HHS-ONC-2026-0001-0418
2026-03-15 15:27:02 [INFO]   [410/439] HHS-ONC-2026-0001-0419
2026-03-15 15:27:04 [INFO]   [411/439] HHS-ONC-2026-0001-0420
2026-03-15 15:27:05 [INFO]   [412/439] HHS-ONC-2026-0001-0421
2026-03-15 15:27:07 [INFO]   [413/439] HHS-ONC-2026-0001-0422
2026-03-15 15:27:08 [INFO]   [414/439] HHS-ONC-2026-0001-0423
2026-03-15 15:27:10 [INFO]   [415/439] HHS-ONC-2026-0001-0424
2026-03-15 15:27:11 [INFO]   [416/439] HHS-ONC-2026-0001-0425
2026-03-15 15:27:12 [INFO]   [417/439] HHS-ONC-2026-0001-0426
2026-03-15 15:27:14 [INFO]   [418/439] HHS-ONC-2026-0001-0427
2026-03-15 15:27:15 [INFO]   [419/439] HHS-ONC-2026-0001-0428
2026-03-15 15:27:16 [INFO]   [420/439] HHS-ONC-2026-0001-0429
2026-03-15 15:27:18 [INFO]   [421/439] HHS-ONC-2026-0001-0430
2026-03-15 15:27:19 [INFO]   [422/439] HHS-ONC-2026-0001-0431
2026-03-15 15:27:21 [INFO]   [423/439] HHS-ONC-2026-0001-0432
2026-03-15 15:27:22 [INFO]   [424/439] HHS-ONC-2026-0001-0433
2026-03-15 15:27:23 [INFO]   [425/439] HHS-ONC-2026-0001-0434
2026-03-15 15:27:25 [INFO]   [426/439] HHS-ONC-2026-0001-0435
2026-03-15 15:27:26 [INFO]   [427/439] HHS-ONC-2026-0001-0436
2026-03-15 15:27:28 [INFO]   [428/439] HHS-ONC-2026-0001-0437
2026-03-15 15:27:29 [INFO]   [429/439] HHS-ONC-2026-0001-0438
2026-03-15 15:27:30 [INFO]   [430/439] HHS-ONC-2026-0001-0439
2026-03-15 15:27:32 [INFO]   [431/439] HHS-ONC-2026-0001-0440
2026-03-15 15:27:33 [INFO]   [432/439] HHS-ONC-2026-0001-0441
2026-03-15 15:27:34 [INFO]   [433/439] HHS-ONC-2026-0001-0442
2026-03-15 15:27:36 [INFO]   [434/439] HHS-ONC-2026-0001-0443
2026-03-15 15:27:37 [INFO]   [435/439] HHS-ONC-2026-0001-0444
2026-03-15 15:27:39 [INFO]   [436/439] HHS-ONC-2026-0001-0445
2026-03-15 15:27:40 [INFO]   [437/439] HHS-ONC-2026-0001-0446
2026-03-15 15:27:41 [INFO]   [438/439] HHS-ONC-2026-0001-0447
2026-03-15 15:27:43 [INFO]   [439/439] HHS-ONC-2026-0001-0448
2026-03-15 15:27:44 [INFO] Writing outputs...
2026-03-15 15:27:44 [INFO]   data/all_comments.json (444 comments)
2026-03-15 15:27:44 [INFO]   data/comments.csv
2026-03-15 15:27:44 [INFO] Done.
2026-03-15 15:35:40 [INFO] Resume: 447 already fetched.
2026-03-15 15:35:40 [INFO] Step A: Fetching docket documents...
2026-03-15 15:35:41 [INFO]   Found 1 document(s).
2026-03-15 15:35:42 [INFO] Step B: Fetching comment list (paginated)...
2026-03-15 15:35:45 [INFO]   Total comments: 447.
2026-03-15 15:35:45 [INFO] Step C: Fetching full detail for each comment...
2026-03-15 15:35:45 [INFO] Writing outputs...
2026-03-15 15:35:45 [INFO]   data/all_comments.json (444 comments)
2026-03-15 15:35:45 [INFO]   data/comments.csv
2026-03-15 15:35:45 [INFO] Done.
2026-03-15 15:36:26 [INFO] Resume: 444 already fetched.
2026-03-15 15:36:26 [INFO] Step A: Fetching docket documents...
2026-03-15 15:36:27 [INFO]   Found 1 document(s).
2026-03-15 15:36:28 [INFO] Step B: Fetching comment list (paginated)...
2026-03-15 15:36:31 [INFO]   Total comments: 447.
2026-03-15 15:36:31 [INFO] Step C: Fetching full detail for each comment...
2026-03-15 15:36:31 [INFO]   [1/3] HHS-ONC-2026-0001-0007
2026-03-15 15:36:32 [INFO]   [2/3] HHS-ONC-2026-0001-0008
2026-03-15 15:36:33 [INFO]   [3/3] HHS-ONC-2026-0001-0009
2026-03-15 15:36:35 [INFO] Writing outputs...
2026-03-15 15:36:35 [INFO]   data/all_comments.json (447 comments)
2026-03-15 15:36:35 [INFO]   data/comments.csv
2026-03-15 15:36:35 [INFO] Done.
2026-03-15 15:38:58 [INFO] Downloading 421 attachment(s) with 2 worker(s)...
2026-03-15 15:38:59 [INFO]   [2/421] attachment_1.pdf (fileUrl_ua_referer)
2026-03-15 15:38:59 [INFO]   [3/421] attachment_1.pdf (fileUrl_ua_referer)
2026-03-15 15:38:59 [INFO]   [4/421] attachment_1.pdf (fileUrl_ua_referer)
2026-03-15 15:38:59 [INFO]   [5/421] attachment_1.pdf (fileUrl_ua_referer)
2026-03-15 15:38:59 [INFO]   [6/421] attachment_1.pdf (fileUrl_ua_referer)
2026-03-15 15:38:59 [INFO]   [7/421] attachment_2.pdf (fileUrl_ua_referer)
2026-03-15 15:39:00 [INFO]   [8/421] attachment_3.pdf (fileUrl_ua_referer)
2026-03-15 15:39:00 [INFO]   [9/421] attachment_1.pdf (fileUrl_ua_referer)
2026-03-15 15:39:00 [INFO]   [10/421] attachment_1.pdf (fileUrl_ua_referer)
2026-03-15 15:39:00 [INFO]   [11/421] attachment_1.pdf (fileUrl_ua_referer)
2026-03-15 15:39:00 [INFO]   [12/421] attachment_1.pdf (fileUrl_ua_referer)
2026-03-15 15:39:00 [INFO]   [13/421] attachment_1.pdf (fileUrl_ua_referer)
2026-03-15 15:39:00 [INFO]   [14/421] attachment_1.pdf (fileUrl_ua_referer)
2026-03-15 15:39:00 [INFO]   [15/421] attachment_1.pdf (fileUrl_ua_referer)
2026-03-15 15:39:00 [INFO]   [16/421] attachment_1.pdf (fileUrl_ua_referer)
2026-03-15 15:39:01 [INFO]   [17/421] attachment_1.pdf (fileUrl_ua_referer)
2026-03-15 15:39:01 [INFO]   [18/421] attachment_1.pdf (fileUrl_ua_referer)
2026-03-15 15:39:01 [INFO]   [19/421] attachment_1.pdf (fileUrl_ua_referer)
2026-03-15 15:39:01 [INFO]   [20/421] attachment_1.pdf (fileUrl_ua_referer)
2026-03-15 15:39:01 [INFO]   [21/421] attachment_1.pdf (fileUrl_ua_referer)
2026-03-15 15:39:01 [INFO]   [22/421] attachment_1.pdf (fileUrl_ua_referer)
2026-03-15 15:39:02 [INFO]   [23/421] attachment_1.pdf (fileUrl_ua_referer)
2026-03-15 15:39:02 [INFO]   [24/421] attachment_1.pdf (fileUrl_ua_referer)
2026-03-15 15:39:02 [INFO]   [25/421] attachment_1.pdf (fileUrl_ua_referer)
2026-03-15 15:39:02 [INFO]   [26/421] attachment_1.pdf (fileUrl_ua_referer)
2026-03-15 15:39:02 [INFO]   [27/421] attachment_1.pdf (fileUrl_ua_referer)
2026-03-15 15:39:02 [INFO]   [28/421] attachment_1.pdf (fileUrl_ua_referer)
2026-03-15 15:39:02 [INFO]   [29/421] attachment_1.pdf (fileUrl_ua_referer)
2026-03-15 15:39:03 [INFO]   [30/421] attachment_1.pdf (fileUrl_ua_referer)
2026-03-15 15:39:03 [INFO]   [31/421] attachment_1.pdf (fileUrl_ua_referer)
2026-03-15 15:39:03 [INFO]   [32/421] attachment_1.pdf (fileUrl_ua_referer)
2026-03-15 15:39:03 [INFO]   [33/421] attachment_1.pdf (fileUrl_ua_referer)
2026-03-15 15:39:03 [INFO]   [34/421] attachment_1.pdf (fileUrl_ua_referer)
2026-03-15 15:39:03 [INFO]   [35/421] attachment_2.pdf (fileUrl_ua_referer)
2026-03-15 15:39:03 [INFO]   [36/421] attachment_1.pdf (fileUrl_ua_referer)
2026-03-15 15:39:04 [INFO]   [37/421] attachment_2.pdf (fileUrl_ua_referer)
2026-03-15 15:39:04 [INFO]   [38/421] attachment_1.pdf (fileUrl_ua_referer)
2026-03-15 15:39:04 [INFO]   [39/421] attachment_1.pdf (fileUrl_ua_referer)
2026-03-15 15:39:05 [INFO]   [40/421] attachment_1.pdf (fileUrl_ua_referer)
2026-03-15 15:39:05 [INFO]   [41/421] attachment_1.pdf (fileUrl_ua_referer)
2026-03-15 15:39:05 [INFO]   [42/421] attachment_1.pdf (fileUrl_ua_referer)
2026-03-15 15:39:05 [INFO]   [43/421] attachment_1.pdf (fileUrl_ua_referer)
2026-03-15 15:39:05 [INFO]   [44/421] attachment_1.pdf (fileUrl_ua_referer)
2026-03-15 15:39:05 [INFO]   [45/421] attachment_1.pdf (fileUrl_ua_referer)
2026-03-15 15:39:06 [INFO]   [46/421] attachment_1.pdf (fileUrl_ua_referer)
2026-03-15 15:39:07 [INFO]   [47/421] attachment_1.pdf (fileUrl_ua_referer)
2026-03-15 15:39:09 [INFO]   [48/421] attachment_1.pdf (fileUrl_ua_referer)
2026-03-15 15:39:09 [INFO]   [49/421] attachment_1.pdf (fileUrl_ua_referer)
2026-03-15 15:39:11 [INFO]   [50/421] attachment_1.pdf (fileUrl_ua_referer)
2026-03-15 15:39:16 [INFO]   [51/421] attachment_1.pdf (fileUrl_ua_referer)
2026-03-15 15:39:18 [INFO]   [52/421] attachment_1.pdf (fileUrl_ua_referer)
2026-03-15 15:39:20 [INFO]   [53/421] attachment_2.pdf (fileUrl_ua_referer)
2026-03-15 15:39:20 [INFO]   [54/421] attachment_1.pdf (fileUrl_ua_referer)
2026-03-15 15:39:22 [INFO]   [55/421] attachment_1.pdf (fileUrl_ua_referer)
2026-03-15 15:39:22 [INFO]   [56/421] attachment_1.pdf (fileUrl_ua_referer)
2026-03-15 15:39:23 [INFO]   [57/421] attachment_1.pdf (fileUrl_ua_referer)
2026-03-15 15:39:23 [INFO]   [58/421] attachment_1.pdf (fileUrl_ua_referer)
2026-03-15 15:39:24 [INFO]   [59/421] attachment_1.pdf (fileUrl_ua_referer)
2026-03-15 15:39:24 [INFO]   [60/421] attachment_1.pdf (fileUrl_ua_referer)
2026-03-15 15:39:25 [INFO]   [61/421] attachment_1.pdf (fileUrl_ua_referer)
2026-03-15 15:39:25 [INFO]   [62/421] attachment_1.pdf (fileUrl_ua_referer)
2026-03-15 15:39:26 [INFO]   [63/421] attachment_1.pdf (fileUrl_ua_referer)
2026-03-15 15:39:26 [INFO]   [64/421] attachment_1.pdf (fileUrl_ua_referer)
2026-03-15 15:39:26 [INFO]   [65/421] attachment_1.pdf (fileUrl_ua_referer)
2026-03-15 15:39:26 [INFO]   [66/421] attachment_1.pdf (fileUrl_ua_referer)
2026-03-15 15:39:28 [INFO]   [67/421] attachment_1.pdf (fileUrl_ua_referer)
2026-03-15 15:39:28 [INFO]   [68/421] attachment_1.pdf (fileUrl_ua_referer)
2026-03-15 15:39:28 [INFO]   [69/421] attachment_1.pdf (fileUrl_ua_referer)
2026-03-15 15:39:28 [INFO]   [70/421] attachment_1.pdf (fileUrl_ua_referer)
2026-03-15 15:39:29 [INFO]   [71/421] attachment_1.pdf (fileUrl_ua_referer)
2026-03-15 15:39:29 [INFO]   [72/421] attachment_1.pdf (fileUrl_ua_referer)
2026-03-15 15:39:30 [INFO]   [73/421] attachment_1.pdf (fileUrl_ua_referer)
2026-03-15 15:39:30 [INFO]   [74/421] attachment_1.pdf (fileUrl_ua_referer)
2026-03-15 15:39:32 [INFO]   [75/421] attachment_1.pdf (fileUrl_ua_referer)
2026-03-15 15:39:33 [INFO]   [76/421] attachment_1.pdf (fileUrl_ua_referer)
2026-03-15 15:39:34 [INFO]   [77/421] attachment_1.pdf (fileUrl_ua_referer)
2026-03-15 15:39:34 [INFO]   [78/421] attachment_2.pdf (fileUrl_ua_referer)
2026-03-15 15:39:35 [INFO]   [79/421] attachment_3.pdf (fileUrl_ua_referer)
2026-03-15 15:39:37 [INFO]   [80/421] attachment_5.pdf (fileUrl_ua_referer)
2026-03-15 15:39:38 [INFO]   [81/421] attachment_4.pdf (fileUrl_ua_referer)
2026-03-15 15:39:46 [INFO]   [82/421] attachment_7.pdf (fileUrl_ua_referer)
2026-03-15 15:39:48 [INFO]   [83/421] attachment_8.pdf (fileUrl_ua_referer)
2026-03-15 15:39:48 [INFO]   [84/421] attachment_9.pdf (fileUrl_ua_referer)
2026-03-15 15:39:50 [INFO]   [85/421] attachment_10.pdf (fileUrl_ua_referer)
2026-03-15 15:39:51 [INFO]   [86/421] attachment_11.pdf (fileUrl_ua_referer)
2026-03-15 15:39:52 [INFO]   [87/421] attachment_12.pdf (fileUrl_ua_referer)
2026-03-15 15:39:53 [INFO]   [88/421] attachment_1.pdf (fileUrl_ua_referer)
2026-03-15 15:39:54 [INFO]   [89/421] attachment_1.pdf (fileUrl_ua_referer)
2026-03-15 15:39:55 [INFO]   [90/421] attachment_1.pdf (fileUrl_ua_referer)
2026-03-15 15:39:56 [INFO]   [91/421] attachment_2.pdf (fileUrl_ua_referer)
2026-03-15 15:39:57 [INFO]   [92/421] attachment_1.pdf (fileUrl_ua_referer)
2026-03-15 15:40:00 [INFO]   [93/421] attachment_1.pdf (fileUrl_ua_referer)
2026-03-15 15:40:02 [INFO]   [94/421] attachment_1.pdf (fileUrl_ua_referer)
2026-03-15 15:40:05 [INFO]   [95/421] attachment_1.pdf (fileUrl_ua_referer)
2026-03-15 15:40:07 [INFO]   [96/421] attachment_1.pdf (fileUrl_ua_referer)
2026-03-15 15:40:08 [INFO]   [97/421] attachment_6.pdf (fileUrl_ua_referer)
2026-03-15 15:40:09 [INFO]   [98/421] attachment_1.pdf (fileUrl_ua_referer)
2026-03-15 15:40:10 [INFO]   [99/421] attachment_1.pdf (fileUrl_ua_referer)
2026-03-15 15:40:10 [INFO]   [100/421] attachment_1.pdf (fileUrl_ua_referer)
2026-03-15 15:40:11 [INFO]   [101/421] attachment_1.pdf (fileUrl_ua_referer)
2026-03-15 15:40:12 [INFO]   [102/421] attachment_1.pdf (fileUrl_ua_referer)
2026-03-15 15:40:12 [INFO]   [103/421] attachment_1.pdf (fileUrl_ua_referer)
2026-03-15 15:40:12 [INFO]   [104/421] attachment_1.pdf (fileUrl_ua_referer)
2026-03-15 15:40:12 [INFO]   [105/421] attachment_1.pdf (fileUrl_ua_referer)
2026-03-15 15:40:13 [INFO]   [106/421] attachment_1.pdf (fileUrl_ua_referer)
2026-03-15 15:40:13 [INFO]   [107/421] attachment_1.pdf (fileUrl_ua_referer)
2026-03-15 15:40:13 [INFO]   [108/421] attachment_1.pdf (fileUrl_ua_referer)
2026-03-15 15:40:13 [INFO]   [109/421] attachment_1.pdf (fileUrl_ua_referer)
2026-03-15 15:40:14 [INFO]   [110/421] attachment_1.pdf (fileUrl_ua_referer)
2026-03-15 15:40:14 [INFO]   [111/421] attachment_1.pdf (fileUrl_ua_referer)
2026-03-15 15:40:14 [INFO]   [112/421] attachment_1.pdf (fileUrl_ua_referer)
2026-03-15 15:40:16 [INFO]   [113/421] attachment_1.pdf (fileUrl_ua_referer)
2026-03-15 15:40:16 [INFO]   [114/421] attachment_1.pdf (fileUrl_ua_referer)
2026-03-15 15:40:19 [INFO]   [115/421] attachment_1.pdf (fileUrl_ua_referer)
2026-03-15 15:40:19 [INFO]   [116/421] attachment_1.pdf (fileUrl_ua_referer)
2026-03-15 15:40:21 [INFO]   [117/421] attachment_1.pdf (fileUrl_ua_referer)
2026-03-15 15:40:21 [INFO]   [118/421] attachment_1.pdf (fileUrl_ua_referer)
2026-03-15 15:40:22 [INFO]   [119/421] attachment_1.pdf (fileUrl_ua_referer)
2026-03-15 15:40:23 [INFO]   [120/421] attachment_1.pdf (fileUrl_ua_referer)
2026-03-15 15:40:26 [INFO]   [121/421] attachment_1.pdf (fileUrl_ua_referer)
2026-03-15 15:40:26 [INFO]   [122/421] attachment_1.pdf (fileUrl_ua_referer)
2026-03-15 15:40:28 [INFO]   [123/421] attachment_1.pdf (fileUrl_ua_referer)
2026-03-15 15:40:28 [INFO]   [124/421] attachment_1.pdf (fileUrl_ua_referer)
2026-03-15 15:40:31 [INFO]   [125/421] attachment_1.pdf (fileUrl_ua_referer)
2026-03-15 15:40:31 [INFO]   [126/421] attachment_1.pdf (fileUrl_ua_referer)
2026-03-15 15:40:32 [INFO]   [127/421] attachment_1.pdf (fileUrl_ua_referer)
2026-03-15 15:40:34 [INFO]   [128/421] attachment_1.pdf (fileUrl_ua_referer)
2026-03-15 15:40:35 [INFO]   [129/421] attachment_1.pdf (fileUrl_ua_referer)
2026-03-15 15:40:38 [INFO]   [130/421] attachment_1.pdf (fileUrl_ua_referer)
2026-03-15 15:40:40 [INFO]   [131/421] attachment_1.pdf (fileUrl_ua_referer)
2026-03-15 15:40:42 [INFO]   [132/421] attachment_1.pdf (fileUrl_ua_referer)
2026-03-15 15:40:46 [INFO]   [133/421] attachment_1.pdf (fileUrl_ua_referer)
2026-03-15 15:40:47 [INFO]   [134/421] attachment_1.pdf (fileUrl_ua_referer)
2026-03-15 15:40:47 [INFO]   [135/421] attachment_1.pdf (fileUrl_ua_referer)
2026-03-15 15:40:48 [INFO]   [136/421] attachment_1.pdf (fileUrl_ua_referer)
2026-03-15 15:40:50 [INFO]   [137/421] attachment_1.pdf (fileUrl_ua_referer)
2026-03-15 15:40:50 [INFO]   [138/421] attachment_1.pdf (fileUrl_ua_referer)
2026-03-15 15:40:52 [INFO]   [139/421] attachment_1.pdf (fileUrl_ua_referer)
2026-03-15 15:40:53 [INFO]   [140/421] attachment_2.pdf (fileUrl_ua_referer)
2026-03-15 15:40:56 [INFO]   [141/421] attachment_1.pdf (fileUrl_ua_referer)
2026-03-15 15:40:56 [INFO]   [142/421] attachment_1.pdf (fileUrl_ua_referer)
2026-03-15 15:40:57 [INFO]   [143/421] attachment_1.pdf (fileUrl_ua_referer)
2026-03-15 15:40:57 [INFO]   [144/421] attachment_1.pdf (fileUrl_ua_referer)
2026-03-15 15:40:57 [INFO]   [145/421] attachment_1.pdf (fileUrl_ua_referer)
2026-03-15 15:40:58 [INFO]   [146/421] attachment_1.pdf (fileUrl_ua_referer)
2026-03-15 15:40:58 [INFO]   [147/421] attachment_1.pdf (fileUrl_ua_referer)
2026-03-15 15:40:58 [INFO]   [148/421] attachment_1.pdf (fileUrl_ua_referer)
2026-03-15 15:40:58 [INFO]   [149/421] attachment_1.pdf (fileUrl_ua_referer)
2026-03-15 15:40:58 [INFO]   [150/421] attachment_1.pdf (fileUrl_ua_referer)
2026-03-15 15:40:59 [INFO]   [151/421] attachment_1.pdf (fileUrl_ua_referer)
2026-03-15 15:40:59 [INFO]   [152/421] attachment_1.pdf (fileUrl_ua_referer)
2026-03-15 15:40:59 [INFO]   [153/421] attachment_1.pdf (fileUrl_ua_referer)
2026-03-15 15:40:59 [INFO]   [154/421] attachment_1.pdf (fileUrl_ua_referer)
2026-03-15 15:41:00 [INFO]   [155/421] attachment_1.pdf (fileUrl_ua_referer)
2026-03-15 15:41:01 [INFO]   [156/421] attachment_2.pdf (fileUrl_ua_referer)
2026-03-15 15:41:02 [INFO]   [157/421] attachment_1.pdf (fileUrl_ua_referer)
2026-03-15 15:41:02 [INFO]   [158/421] attachment_1.pdf (fileUrl_ua_referer)
2026-03-15 15:41:02 [INFO]   [159/421] attachment_1.pdf (fileUrl_ua_referer)
2026-03-15 15:41:03 [INFO]   [160/421] attachment_1.pdf (fileUrl_ua_referer)
2026-03-15 15:41:05 [INFO]   [161/421] attachment_1.pdf (fileUrl_ua_referer)
2026-03-15 15:41:06 [INFO]   [162/421] attachment_1.pdf (fileUrl_ua_referer)
2026-03-15 15:41:07 [INFO]   [163/421] attachment_1.pdf (fileUrl_ua_referer)
2026-03-15 15:41:07 [INFO]   [164/421] attachment_1.pdf (fileUrl_ua_referer)
2026-03-15 15:41:08 [INFO]   [165/421] attachment_1.pdf (fileUrl_ua_referer)
2026-03-15 15:41:09 [INFO]   [166/421] attachment_1.pdf (fileUrl_ua_referer)
2026-03-15 15:41:09 [INFO]   [167/421] attachment_2.pdf (fileUrl_ua_referer)
2026-03-15 15:41:13 [INFO]   [168/421] attachment_1.pdf (fileUrl_ua_referer)
2026-03-15 15:41:13 [INFO]   [169/421] attachment_1.pdf (fileUrl_ua_referer)
2026-03-15 15:41:14 [INFO]   [170/421] attachment_1.pdf (fileUrl_ua_referer)
2026-03-15 15:41:15 [INFO]   [171/421] attachment_1.pdf (fileUrl_ua_referer)
2026-03-15 15:41:16 [INFO]   [172/421] attachment_3.pdf (fileUrl_ua_referer)
2026-03-15 15:41:17 [INFO]   [173/421] attachment_2.pdf (fileUrl_ua_referer)
2026-03-15 15:41:17 [INFO]   [174/421] attachment_4.pdf (fileUrl_ua_referer)
2026-03-15 15:41:17 [INFO]   [175/421] attachment_1.pdf (fileUrl_ua_referer)
2026-03-15 15:41:18 [INFO]   [176/421] attachment_1.pdf (fileUrl_ua_referer)
2026-03-15 15:41:18 [INFO]   [177/421] attachment_1.pdf (fileUrl_ua_referer)
2026-03-15 15:41:18 [INFO]   [178/421] attachment_1.pdf (fileUrl_ua_referer)
2026-03-15 15:41:23 [INFO]   [179/421] attachment_1.pdf (fileUrl_ua_referer)
2026-03-15 15:41:23 [INFO]   [180/421] attachment_1.pdf (fileUrl_ua_referer)
2026-03-15 15:41:25 [INFO]   [181/421] attachment_1.pdf (fileUrl_ua_referer)
2026-03-15 15:41:26 [INFO]   [182/421] attachment_1.pdf (fileUrl_ua_referer)
2026-03-15 15:41:27 [INFO]   [183/421] attachment_1.pdf (fileUrl_ua_referer)
2026-03-15 15:41:28 [INFO]   [184/421] attachment_1.pdf (fileUrl_ua_referer)
2026-03-15 15:41:31 [INFO]   [185/421] attachment_1.pdf (fileUrl_ua_referer)
2026-03-15 15:41:31 [INFO]   [186/421] attachment_1.pdf (fileUrl_ua_referer)
2026-03-15 15:41:33 [INFO]   [187/421] attachment_1.pdf (fileUrl_ua_referer)
2026-03-15 15:41:34 [INFO]   [188/421] attachment_1.pdf (fileUrl_ua_referer)
2026-03-15 15:41:35 [INFO]   [189/421] attachment_1.pdf (fileUrl_ua_referer)
2026-03-15 15:41:39 [INFO]   [190/421] attachment_2.pdf (fileUrl_ua_referer)
2026-03-15 15:41:42 [INFO]   [191/421] attachment_1.pdf (fileUrl_ua_referer)
2026-03-15 15:41:43 [INFO]   [192/421] attachment_1.pdf (fileUrl_ua_referer)
2026-03-15 15:41:44 [INFO]   [193/421] attachment_1.pdf (fileUrl_ua_referer)
2026-03-15 15:41:45 [INFO]   [194/421] attachment_3.pdf (fileUrl_ua_referer)
2026-03-15 15:41:45 [INFO]   [195/421] attachment_1.pdf (fileUrl_ua_referer)
2026-03-15 15:41:45 [INFO]   [196/421] attachment_1.pdf (fileUrl_ua_referer)
2026-03-15 15:41:45 [INFO]   [197/421] attachment_1.pdf (fileUrl_ua_referer)
2026-03-15 15:41:45 [INFO]   [198/421] attachment_1.pdf (fileUrl_ua_referer)
2026-03-15 15:41:46 [INFO]   [199/421] attachment_1.pdf (fileUrl_ua_referer)
2026-03-15 15:41:46 [INFO]   [200/421] attachment_1.pdf (fileUrl_ua_referer)
2026-03-15 15:41:47 [INFO]   [201/421] attachment_1.pdf (fileUrl_ua_referer)
2026-03-15 15:41:47 [INFO]   [202/421] attachment_1.pdf (fileUrl_ua_referer)
2026-03-15 15:41:48 [INFO]   [203/421] attachment_1.pdf (fileUrl_ua_referer)
2026-03-15 15:41:48 [INFO]   [204/421] attachment_2.pdf (fileUrl_ua_referer)
2026-03-15 15:41:49 [INFO]   [205/421] attachment_1.pdf (fileUrl_ua_referer)
2026-03-15 15:41:49 [INFO]   [206/421] attachment_2.pdf (fileUrl_ua_referer)
2026-03-15 15:41:51 [INFO]   [207/421] attachment_1.pdf (fileUrl_ua_referer)
2026-03-15 15:41:51 [INFO]   [208/421] attachment_1.pdf (fileUrl_ua_referer)
2026-03-15 15:41:52 [INFO]   [209/421] attachment_1.pdf (fileUrl_ua_referer)
2026-03-15 15:41:52 [INFO]   [210/421] attachment_1.pdf (fileUrl_ua_referer)
2026-03-15 15:41:52 [INFO]   [211/421] attachment_1.pdf (fileUrl_ua_referer)
2026-03-15 15:41:54 [INFO]   [212/421] attachment_3.pdf (fileUrl_ua_referer)
2026-03-15 15:41:54 [INFO]   [213/421] attachment_2.pdf (fileUrl_ua_referer)
2026-03-15 15:41:56 [INFO]   [214/421] attachment_4.pdf (fileUrl_ua_referer)
2026-03-15 15:41:57 [INFO]   [215/421] attachment_5.pdf (fileUrl_ua_referer)
2026-03-15 15:41:57 [INFO]   [216/421] attachment_6.pdf (fileUrl_ua_referer)
2026-03-15 15:42:00 [INFO]   [217/421] attachment_1.pdf (fileUrl_ua_referer)
2026-03-15 15:42:00 [INFO]   [218/421] attachment_1.pdf (fileUrl_ua_referer)
2026-03-15 15:42:01 [INFO]   [219/421] attachment_1.pdf (fileUrl_ua_referer)
2026-03-15 15:42:01 [INFO]   [220/421] attachment_1.pdf (fileUrl_ua_referer)
2026-03-15 15:42:02 [INFO]   [221/421] attachment_1.pdf (fileUrl_ua_referer)
2026-03-15 15:42:04 [INFO]   [222/421] attachment_1.pdf (fileUrl_ua_referer)
2026-03-15 15:42:05 [INFO]   [223/421] attachment_1.pdf (fileUrl_ua_referer)
2026-03-15 15:42:06 [INFO]   [224/421] attachment_1.pdf (fileUrl_ua_referer)
2026-03-15 15:42:07 [INFO]   [225/421] attachment_1.pdf (fileUrl_ua_referer)
2026-03-15 15:42:07 [INFO]   [226/421] attachment_1.pdf (fileUrl_ua_referer)
2026-03-15 15:42:08 [INFO]   [227/421] attachment_1.pdf (fileUrl_ua_referer)
2026-03-15 15:42:09 [INFO]   [228/421] attachment_1.pdf (fileUrl_ua_referer)
2026-03-15 15:42:10 [INFO]   [229/421] attachment_1.pdf (fileUrl_ua_referer)
2026-03-15 15:42:10 [INFO]   [230/421] attachment_1.pdf (fileUrl_ua_referer)
2026-03-15 15:42:10 [INFO]   [231/421] attachment_1.pdf (fileUrl_ua_referer)
2026-03-15 15:42:10 [INFO]   [232/421] attachment_1.pdf (fileUrl_ua_referer)
2026-03-15 15:42:10 [INFO]   [233/421] attachment_1.pdf (fileUrl_ua_referer)
2026-03-15 15:42:10 [INFO]   [234/421] attachment_1.pdf (fileUrl_ua_referer)
2026-03-15 15:42:10 [INFO]   [235/421] attachment_1.pdf (fileUrl_ua_referer)
2026-03-15 15:42:13 [INFO]   [236/421] attachment_1.pdf (fileUrl_ua_referer)
2026-03-15 15:42:14 [INFO]   [237/421] attachment_1.pdf (fileUrl_ua_referer)
2026-03-15 15:42:16 [INFO]   [238/421] attachment_1.pdf (fileUrl_ua_referer)
2026-03-15 15:42:16 [INFO]   [239/421] attachment_1.pdf (fileUrl_ua_referer)
2026-03-15 15:42:16 [INFO]   [240/421] attachment_1.pdf (fileUrl_ua_referer)
2026-03-15 15:42:17 [INFO]   [241/421] attachment_1.pdf (fileUrl_ua_referer)
2026-03-15 15:42:18 [INFO]   [242/421] attachment_1.pdf (fileUrl_ua_referer)
2026-03-15 15:42:18 [INFO]   [243/421] attachment_1.pdf (fileUrl_ua_referer)
2026-03-15 15:42:19 [INFO]   [244/421] attachment_1.pdf (fileUrl_ua_referer)
2026-03-15 15:42:19 [INFO]   [245/421] attachment_1.pdf (fileUrl_ua_referer)
2026-03-15 15:42:21 [INFO]   [246/421] attachment_1.pdf (fileUrl_ua_referer)
2026-03-15 15:42:22 [INFO]   [247/421] attachment_1.pdf (fileUrl_ua_referer)
2026-03-15 15:42:22 [INFO]   [248/421] attachment_1.pdf (fileUrl_ua_referer)
2026-03-15 15:42:23 [INFO]   [249/421] attachment_1.pdf (fileUrl_ua_referer)
2026-03-15 15:42:23 [INFO]   [250/421] attachment_1.pdf (fileUrl_ua_referer)
2026-03-15 15:42:24 [INFO]   [251/421] attachment_1.pdf (fileUrl_ua_referer)
2026-03-15 15:42:25 [INFO]   [252/421] attachment_1.pdf (fileUrl_ua_referer)
2026-03-15 15:42:27 [INFO]   [253/421] attachment_1.pdf (fileUrl_ua_referer)
2026-03-15 15:42:29 [INFO]   [254/421] attachment_1.pdf (fileUrl_ua_referer)
2026-03-15 15:42:31 [INFO]   [255/421] attachment_1.pdf (fileUrl_ua_referer)
2026-03-15 15:42:33 [INFO]   [256/421] attachment_1.pdf (fileUrl_ua_referer)
2026-03-15 15:42:33 [INFO]   [257/421] attachment_1.pdf (fileUrl_ua_referer)
2026-03-15 15:42:35 [INFO]   [258/421] attachment_1.pdf (fileUrl_ua_referer)
2026-03-15 15:42:37 [INFO]   [259/421] attachment_1.pdf (fileUrl_ua_referer)
2026-03-15 15:42:37 [INFO]   [260/421] attachment_1.pdf (fileUrl_ua_referer)
2026-03-15 15:42:37 [INFO]   [261/421] attachment_1.pdf (fileUrl_ua_referer)
2026-03-15 15:42:37 [INFO]   [262/421] attachment_1.pdf (fileUrl_ua_referer)
2026-03-15 15:42:38 [INFO]   [263/421] attachment_1.pdf (fileUrl_ua_referer)
2026-03-15 15:42:38 [INFO]   [264/421] attachment_1.pdf (fileUrl_ua_referer)
2026-03-15 15:42:38 [INFO]   [265/421] attachment_1.pdf (fileUrl_ua_referer)
2026-03-15 15:42:39 [INFO]   [266/421] attachment_1.pdf (fileUrl_ua_referer)
2026-03-15 15:42:39 [INFO]   [267/421] attachment_1.pdf (fileUrl_ua_referer)
2026-03-15 15:42:39 [INFO]   [268/421] attachment_1.pdf (fileUrl_ua_referer)
2026-03-15 15:42:40 [INFO]   [269/421] attachment_1.pdf (fileUrl_ua_referer)
2026-03-15 15:42:41 [INFO]   [270/421] attachment_1.pdf (fileUrl_ua_referer)
2026-03-15 15:42:42 [INFO]   [271/421] attachment_1.pdf (fileUrl_ua_referer)
2026-03-15 15:42:42 [INFO]   [272/421] attachment_1.pdf (fileUrl_ua_referer)
2026-03-15 15:42:45 [INFO]   [273/421] attachment_1.pdf (fileUrl_ua_referer)
2026-03-15 15:42:46 [INFO]   [274/421] attachment_1.pdf (fileUrl_ua_referer)
2026-03-15 15:42:47 [INFO]   [275/421] attachment_1.pdf (fileUrl_ua_referer)
2026-03-15 15:42:47 [INFO]   [276/421] attachment_1.pdf (fileUrl_ua_referer)
2026-03-15 15:42:47 [INFO]   [277/421] attachment_1.pdf (fileUrl_ua_referer)
2026-03-15 15:42:47 [INFO]   [278/421] attachment_1.pdf (fileUrl_ua_referer)
2026-03-15 15:42:49 [INFO]   [279/421] attachment_1.pdf (fileUrl_ua_referer)
2026-03-15 15:42:50 [INFO]   [280/421] attachment_1.pdf (fileUrl_ua_referer)
2026-03-15 15:42:51 [INFO]   [281/421] attachment_1.pdf (fileUrl_ua_referer)
2026-03-15 15:42:52 [INFO]   [282/421] attachment_1.pdf (fileUrl_ua_referer)
2026-03-15 15:42:53 [INFO]   [283/421] attachment_1.pdf (fileUrl_ua_referer)
2026-03-15 15:42:53 [INFO]   [284/421] attachment_1.pdf (fileUrl_ua_referer)
2026-03-15 15:42:54 [INFO]   [285/421] attachment_1.pdf (fileUrl_ua_referer)
2026-03-15 15:42:55 [INFO]   [286/421] attachment_1.pdf (fileUrl_ua_referer)
2026-03-15 15:42:56 [INFO]   [287/421] attachment_1.pdf (fileUrl_ua_referer)
2026-03-15 15:42:58 [INFO]   [288/421] attachment_1.pdf (fileUrl_ua_referer)
2026-03-15 15:42:59 [INFO]   [289/421] attachment_1.pdf (fileUrl_ua_referer)
2026-03-15 15:43:00 [INFO]   [290/421] attachment_1.pdf (fileUrl_ua_referer)
2026-03-15 15:43:02 [INFO]   [291/421] attachment_1.pdf (fileUrl_ua_referer)
2026-03-15 15:43:04 [INFO]   [292/421] attachment_1.pdf (fileUrl_ua_referer)
2026-03-15 15:43:05 [INFO]   [293/421] attachment_1.pdf (fileUrl_ua_referer)
2026-03-15 15:43:06 [INFO]   [294/421] attachment_1.pdf (fileUrl_ua_referer)
2026-03-15 15:43:06 [INFO]   [295/421] attachment_1.pdf (fileUrl_ua_referer)
2026-03-15 15:43:08 [INFO]   [296/421] attachment_1.pdf (fileUrl_ua_referer)
2026-03-15 15:43:08 [INFO]   [297/421] attachment_1.pdf (fileUrl_ua_referer)
2026-03-15 15:43:09 [INFO]   [298/421] attachment_1.pdf (fileUrl_ua_referer)
2026-03-15 15:43:10 [INFO]   [299/421] attachment_1.pdf (fileUrl_ua_referer)
2026-03-15 15:43:11 [INFO]   [300/421] attachment_1.pdf (fileUrl_ua_referer)
2026-03-15 15:43:12 [INFO]   [301/421] attachment_1.pdf (fileUrl_ua_referer)
2026-03-15 15:43:12 [INFO]   [302/421] attachment_1.pdf (fileUrl_ua_referer)
2026-03-15 15:43:12 [INFO]   [303/421] attachment_1.pdf (fileUrl_ua_referer)
2026-03-15 15:43:12 [INFO]   [304/421] attachment_1.pdf (fileUrl_ua_referer)
2026-03-15 15:43:15 [INFO]   [305/421] attachment_1.pdf (fileUrl_ua_referer)
2026-03-15 15:43:15 [INFO]   [306/421] attachment_1.pdf (fileUrl_ua_referer)
2026-03-15 15:43:15 [INFO]   [307/421] attachment_1.pdf (fileUrl_ua_referer)
2026-03-15 15:43:16 [INFO]   [308/421] attachment_1.pdf (fileUrl_ua_referer)
2026-03-15 15:43:16 [INFO]   [309/421] attachment_1.pdf (fileUrl_ua_referer)
2026-03-15 15:43:17 [INFO]   [310/421] attachment_1.pdf (fileUrl_ua_referer)
2026-03-15 15:43:17 [INFO]   [311/421] attachment_1.pdf (fileUrl_ua_referer)
2026-03-15 15:43:18 [INFO]   [312/421] attachment_1.pdf (fileUrl_ua_referer)
2026-03-15 15:43:18 [INFO]   [313/421] attachment_2.pdf (fileUrl_ua_referer)
2026-03-15 15:43:20 [INFO]   [314/421] attachment_1.pdf (fileUrl_ua_referer)
2026-03-15 15:43:21 [INFO]   [315/421] attachment_1.pdf (fileUrl_ua_referer)
2026-03-15 15:43:23 [INFO]   [316/421] attachment_1.pdf (fileUrl_ua_referer)
2026-03-15 15:43:24 [INFO]   [317/421] attachment_1.pdf (fileUrl_ua_referer)
2026-03-15 15:43:24 [INFO]   [318/421] attachment_1.pdf (fileUrl_ua_referer)
2026-03-15 15:43:24 [INFO]   [319/421] attachment_1.pdf (fileUrl_ua_referer)
2026-03-15 15:43:24 [INFO]   [320/421] attachment_1.pdf (fileUrl_ua_referer)
2026-03-15 15:43:25 [INFO]   [321/421] attachment_1.pdf (fileUrl_ua_referer)
2026-03-15 15:43:26 [INFO]   [322/421] attachment_2.pdf (fileUrl_ua_referer)
2026-03-15 15:43:26 [INFO]   [323/421] attachment_1.pdf (fileUrl_ua_referer)
2026-03-15 15:43:27 [INFO]   [324/421] attachment_1.pdf (fileUrl_ua_referer)
2026-03-15 15:43:27 [INFO]   [325/421] attachment_1.pdf (fileUrl_ua_referer)
2026-03-15 15:43:28 [INFO]   [326/421] attachment_1.pdf (fileUrl_ua_referer)
2026-03-15 15:43:29 [INFO]   [327/421] attachment_1.pdf (fileUrl_ua_referer)
2026-03-15 15:43:29 [INFO]   [328/421] attachment_1.pdf (fileUrl_ua_referer)
2026-03-15 15:43:29 [INFO]   [329/421] attachment_1.pdf (fileUrl_ua_referer)
2026-03-15 15:43:30 [INFO]   [330/421] attachment_2.pdf (fileUrl_ua_referer)
2026-03-15 15:43:32 [INFO]   [331/421] attachment_1.pdf (fileUrl_ua_referer)
2026-03-15 15:43:32 [INFO]   [332/421] attachment_1.pdf (fileUrl_ua_referer)
2026-03-15 15:43:32 [INFO]   [333/421] attachment_1.pdf (fileUrl_ua_referer)
2026-03-15 15:43:32 [INFO]   [334/421] attachment_1.pdf (fileUrl_ua_referer)
2026-03-15 15:43:33 [INFO]   [335/421] attachment_1.pdf (fileUrl_ua_referer)
2026-03-15 15:43:34 [INFO]   [336/421] attachment_1.pdf (fileUrl_ua_referer)
2026-03-15 15:43:35 [INFO]   [337/421] attachment_1.pdf (fileUrl_ua_referer)
2026-03-15 15:43:35 [INFO]   [338/421] attachment_1.pdf (fileUrl_ua_referer)
2026-03-15 15:43:37 [INFO]   [339/421] attachment_1.pdf (fileUrl_ua_referer)
2026-03-15 15:43:37 [INFO]   [340/421] attachment_1.pdf (fileUrl_ua_referer)
2026-03-15 15:43:38 [INFO]   [341/421] attachment_1.pdf (fileUrl_ua_referer)
2026-03-15 15:43:39 [INFO]   [342/421] attachment_1.pdf (fileUrl_ua_referer)
2026-03-15 15:43:41 [INFO]   [343/421] attachment_1.pdf (fileUrl_ua_referer)
2026-03-15 15:43:42 [INFO]   [344/421] attachment_1.pdf (fileUrl_ua_referer)
2026-03-15 15:43:43 [INFO]   [345/421] attachment_1.pdf (fileUrl_ua_referer)
2026-03-15 15:43:44 [INFO]   [346/421] attachment_1.pdf (fileUrl_ua_referer)
2026-03-15 15:43:44 [INFO]   [347/421] attachment_1.pdf (fileUrl_ua_referer)
2026-03-15 15:43:45 [INFO]   [348/421] attachment_1.pdf (fileUrl_ua_referer)
2026-03-15 15:43:46 [INFO]   [349/421] attachment_1.pdf (fileUrl_ua_referer)
2026-03-15 15:43:46 [INFO]   [350/421] attachment_1.pdf (fileUrl_ua_referer)
2026-03-15 15:43:46 [INFO]   [351/421] attachment_1.pdf (fileUrl_ua_referer)
2026-03-15 15:43:47 [INFO]   [352/421] attachment_1.pdf (fileUrl_ua_referer)
2026-03-15 15:43:47 [INFO]   [353/421] attachment_1.pdf (fileUrl_ua_referer)
2026-03-15 15:43:48 [INFO]   [354/421] attachment_1.pdf (fileUrl_ua_referer)
2026-03-15 15:43:49 [INFO]   [355/421] attachment_1.pdf (fileUrl_ua_referer)
2026-03-15 15:43:50 [INFO]   [356/421] attachment_1.pdf (fileUrl_ua_referer)
2026-03-15 15:43:50 [INFO]   [357/421] attachment_1.pdf (fileUrl_ua_referer)
2026-03-15 15:43:50 [INFO]   [358/421] attachment_1.pdf (fileUrl_ua_referer)
2026-03-15 15:43:50 [INFO]   [359/421] attachment_1.pdf (fileUrl_ua_referer)
2026-03-15 15:43:51 [INFO]   [360/421] attachment_1.pdf (fileUrl_ua_referer)
2026-03-15 15:43:52 [INFO]   [361/421] attachment_1.pdf (fileUrl_ua_referer)
2026-03-15 15:43:52 [INFO]   [362/421] attachment_1.pdf (fileUrl_ua_referer)
2026-03-15 15:43:52 [INFO]   [363/421] attachment_2.pdf (fileUrl_ua_referer)
2026-03-15 15:43:53 [INFO]   [364/421] attachment_1.pdf (fileUrl_ua_referer)
2026-03-15 15:43:53 [INFO]   [365/421] attachment_1.pdf (fileUrl_ua_referer)
2026-03-15 15:43:53 [INFO]   [366/421] attachment_1.pdf (fileUrl_ua_referer)
2026-03-15 15:43:54 [INFO]   [367/421] attachment_1.pdf (fileUrl_ua_referer)
2026-03-15 15:43:54 [INFO]   [368/421] attachment_1.pdf (fileUrl_ua_referer)
2026-03-15 15:43:55 [INFO]   [369/421] attachment_1.pdf (fileUrl_ua_referer)
2026-03-15 15:43:56 [INFO]   [370/421] attachment_1.pdf (fileUrl_ua_referer)
2026-03-15 15:43:56 [INFO]   [371/421] attachment_1.pdf (fileUrl_ua_referer)
2026-03-15 15:43:56 [INFO]   [372/421] attachment_1.pdf (fileUrl_ua_referer)
2026-03-15 15:43:58 [INFO]   [373/421] attachment_1.pdf (fileUrl_ua_referer)
2026-03-15 15:43:59 [INFO]   [374/421] attachment_1.pdf (fileUrl_ua_referer)
2026-03-15 15:43:59 [INFO]   [375/421] attachment_1.pdf (fileUrl_ua_referer)
2026-03-15 15:43:59 [INFO]   [376/421] attachment_1.pdf (fileUrl_ua_referer)
2026-03-15 15:43:59 [INFO]   [377/421] attachment_1.pdf (fileUrl_ua_referer)
2026-03-15 15:44:00 [INFO]   [378/421] attachment_1.pdf (fileUrl_ua_referer)
2026-03-15 15:44:00 [INFO]   [379/421] attachment_1.pdf (fileUrl_ua_referer)
2026-03-15 15:44:02 [INFO]   [380/421] attachment_1.pdf (fileUrl_ua_referer)
2026-03-15 15:44:02 [INFO]   [381/421] attachment_2.pdf (fileUrl_ua_referer)
2026-03-15 15:44:04 [INFO]   [382/421] attachment_2.pdf (fileUrl_ua_referer)
2026-03-15 15:44:04 [INFO]   [383/421] attachment_1.pdf (fileUrl_ua_referer)
2026-03-15 15:44:08 [INFO]   [384/421] attachment_2.pdf (fileUrl_ua_referer)
2026-03-15 15:44:11 [INFO]   [385/421] attachment_3.pdf (fileUrl_ua_referer)
2026-03-15 15:44:12 [INFO]   [386/421] attachment_1.pdf (fileUrl_ua_referer)
2026-03-15 15:44:13 [INFO]   [387/421] attachment_1.pdf (fileUrl_ua_referer)
2026-03-15 15:44:13 [INFO]   [388/421] attachment_4.pdf (fileUrl_ua_referer)
2026-03-15 15:44:13 [INFO]   [389/421] attachment_1.pdf (fileUrl_ua_referer)
2026-03-15 15:44:13 [INFO]   [390/421] attachment_1.pdf (fileUrl_ua_referer)
2026-03-15 15:44:14 [INFO]   [391/421] attachment_1.pdf (fileUrl_ua_referer)
2026-03-15 15:44:15 [INFO]   [392/421] attachment_1.pdf (fileUrl_ua_referer)
2026-03-15 15:44:16 [INFO]   [393/421] attachment_1.pdf (fileUrl_ua_referer)
2026-03-15 15:44:17 [INFO]   [394/421] attachment_1.pdf (fileUrl_ua_referer)
2026-03-15 15:44:17 [INFO]   [395/421] attachment_1.pdf (fileUrl_ua_referer)
2026-03-15 15:44:19 [INFO]   [396/421] attachment_1.pdf (fileUrl_ua_referer)
2026-03-15 15:44:19 [INFO]   [397/421] attachment_1.pdf (fileUrl_ua_referer)
2026-03-15 15:44:21 [INFO]   [398/421] attachment_1.pdf (fileUrl_ua_referer)
2026-03-15 15:44:21 [INFO]   [399/421] attachment_1.pdf (fileUrl_ua_referer)
2026-03-15 15:44:23 [INFO]   [400/421] attachment_1.pdf (fileUrl_ua_referer)
2026-03-15 15:44:24 [INFO]   [401/421] attachment_1.pdf (fileUrl_ua_referer)
2026-03-15 15:44:25 [INFO]   [402/421] attachment_1.pdf (fileUrl_ua_referer)
2026-03-15 15:44:26 [INFO]   [403/421] attachment_1.pdf (fileUrl_ua_referer)
2026-03-15 15:44:27 [INFO]   [404/421] attachment_1.pdf (fileUrl_ua_referer)
2026-03-15 15:44:27 [INFO]   [405/421] attachment_1.pdf (fileUrl_ua_referer)
2026-03-15 15:44:28 [INFO]   [406/421] attachment_1.pdf (fileUrl_ua_referer)
2026-03-15 15:44:33 [INFO]   [407/421] attachment_1.pdf (fileUrl_ua_referer)
2026-03-15 15:44:34 [INFO]   [408/421] attachment_1.pdf (fileUrl_ua_referer)
2026-03-15 15:44:34 [INFO]   [409/421] attachment_1.pdf (fileUrl_ua_referer)
2026-03-15 15:44:35 [INFO]   [410/421] attachment_1.pdf (fileUrl_ua_referer)
2026-03-15 15:44:35 [INFO]   [411/421] attachment_1.pdf (fileUrl_ua_referer)
2026-03-15 15:44:36 [INFO]   [412/421] attachment_1.pdf (fileUrl_ua_referer)
2026-03-15 15:44:37 [INFO]   [413/421] attachment_1.pdf (fileUrl_ua_referer)
2026-03-15 15:44:37 [INFO]   [414/421] attachment_2.pdf (fileUrl_ua_referer)
2026-03-15 15:44:37 [INFO]   [415/421] attachment_1.pdf (fileUrl_ua_referer)
2026-03-15 15:44:37 [INFO]   [416/421] attachment_1.pdf (fileUrl_ua_referer)
2026-03-15 15:44:37 [INFO]   [417/421] attachment_1.pdf (fileUrl_ua_referer)
2026-03-15 15:44:37 [INFO]   [418/421] attachment_1.pdf (fileUrl_ua_referer)
2026-03-15 15:44:38 [INFO]   [419/421] attachment_1.pdf (fileUrl_ua_referer)
2026-03-15 15:44:38 [INFO]   [420/421] attachment_1.pdf (fileUrl_ua_referer)
2026-03-15 15:44:38 [INFO]   [421/421] attachment_1.pdf (fileUrl_ua_referer)
2026-03-15 15:44:38 [INFO] Done. 421 downloaded/skipped, 0 failed.
